<?xml version="1.0" encoding="UTF-8"?>
<!-- Generated by org.testng.reporters.JUnitXMLReporter -->
<testsuite ignored="8" hostname="DESKTOP-AI0QSET" failures="0" tests="12" name="Test" time="437.365" errors="0" timestamp="2025-01-09T11:45:41 IST">
  <testcase classname="com.omnibridge.crm.contacttest.CreateContactTest" name="createContact" time="17.511"/>
  <testcase classname="com.omnibridge.crm.contacttest.CreateContactTest" name="createContactWithOrgTest" time="33.685"/>
  <testcase classname="com.omnibridge.crm.contacttest.CreateContactTest" name="createContactWithsupportDate" time="19.415"/>
  <testcase classname="com.omnibridge.crm.leadtest.CreateLeadTest" name="createLeadAndDelete" time="19.726"/>
  <testcase classname="com.omnibridge.crm.leadtest.CreateLeadTest" name="createLeadAndEdit" time="22.9"/>
  <testcase classname="com.omnibridge.crm.leadtest.CreateLeadTest" name="createNewLead" time="16.203"/>
  <testcase classname="com.omnibridge.crm.opportunitiestest.CreateNewOpportunities" name="createNewOpportunitiesTest" time="73.085"/>
  <testcase classname="com.omnibridge.crm.compaigntest.CreateCampaignTest" name="campaignTestWithProduct" time="43.896"/>
  <testcase classname="com.omnibridge.crm.compaigntest.CreateCampaignTest" name="createProductWithVendorTest" time="27.929"/>
  <testcase classname="com.omnibridge.crm.compaigntest.CreateCampaignTest" name="createVendorTest" time="16.21"/>
  <testcase classname="com.omnibridge.crm.orgtest.CreateOrgTest" name="createContactWithPhoneNumber" time="18.706"/>
  <testcase classname="com.omnibridge.crm.orgtest.CreateOrgTest" name="createOrgTest" time="17.678"/>
  <testcase classname="com.omniBridge.crm.basetest.BaseClass" name="@AfterSuite configAS" time="0.0">
    <ignored/>
  </testcase> <!-- @AfterSuite configAS -->
  <testcase classname="com.omniBridge.crm.basetest.BaseClass" name="@AfterSuite configAS" time="0.0">
    <ignored/>
  </testcase> <!-- @AfterSuite configAS -->
  <testcase classname="com.omniBridge.crm.basetest.BaseClass" name="@BeforeSuite configBS" time="0.0">
    <ignored/>
  </testcase> <!-- @BeforeSuite configBS -->
  <testcase classname="com.omniBridge.crm.basetest.BaseClass" name="@AfterSuite configAS" time="0.0">
    <ignored/>
  </testcase> <!-- @AfterSuite configAS -->
  <testcase classname="com.omniBridge.crm.basetest.BaseClass" name="@AfterSuite configAS" time="0.0">
    <ignored/>
  </testcase> <!-- @AfterSuite configAS -->
  <testcase classname="com.omniBridge.crm.basetest.BaseClass" name="@BeforeSuite configBS" time="0.0">
    <ignored/>
  </testcase> <!-- @BeforeSuite configBS -->
  <testcase classname="com.omniBridge.crm.basetest.BaseClass" name="@BeforeSuite configBS" time="0.0">
    <ignored/>
  </testcase> <!-- @BeforeSuite configBS -->
  <testcase classname="com.omniBridge.crm.basetest.BaseClass" name="@BeforeSuite configBS" time="0.0">
    <ignored/>
  </testcase> <!-- @BeforeSuite configBS -->
</testsuite> <!-- Test -->
