<?xml version="1.0" encoding="UTF-8"?>
<!-- Generated by org.testng.reporters.JUnitXMLReporter -->
<testsuite ignored="0" hostname="DESKTOP-AI0QSET" failures="0" tests="3" name="Test2" time="86.488" errors="0" timestamp="2025-01-08T14:20:28 IST">
  <testcase classname="com.omnibridge.crm.leadtest.CreateLeadTest" name="createLeadAndDelete" time="17.89"/>
  <testcase classname="com.omnibridge.crm.leadtest.CreateLeadTest" name="createLeadAndEdit" time="23.224"/>
  <testcase classname="com.omnibridge.crm.leadtest.CreateLeadTest" name="createNewLead" time="15.001"/>
</testsuite> <!-- Test2 -->
