<?xml version="1.0" encoding="UTF-8"?>
<!-- Generated by org.testng.reporters.JUnitXMLReporter -->
<testsuite ignored="0" hostname="DESKTOP-AI0QSET" failures="0" tests="3" name="Test3" time="109.366" errors="0" timestamp="2025-01-08T14:20:51 IST">
  <testcase classname="com.omnibridge.crm.compaigntest.CreateCampaignTest" name="campaignTestWithProduct" time="44.631"/>
  <testcase classname="com.omnibridge.crm.compaigntest.CreateCampaignTest" name="createProductWithVendorTest" time="28.001"/>
  <testcase classname="com.omnibridge.crm.compaigntest.CreateCampaignTest" name="createVendorTest" time="13.62"/>
</testsuite> <!-- Test3 -->
