<?xml version="1.0" encoding="UTF-8"?>
<!-- Generated by org.testng.reporters.JUnitXMLReporter -->
<testsuite ignored="0" hostname="DESKTOP-AI0QSET" failures="0" tests="3" name="Test1" time="90.746" errors="0" timestamp="2025-01-08T14:20:32 IST">
  <testcase classname="com.omnibridge.crm.contacttest.CreateContactTest" name="createContact" time="16.277"/>
  <testcase classname="com.omnibridge.crm.contacttest.CreateContactTest" name="createContactWithOrgTest" time="31.813"/>
  <testcase classname="com.omnibridge.crm.contacttest.CreateContactTest" name="createContactWithsupportDate" time="17.606"/>
</testsuite> <!-- Test1 -->
