<?xml version="1.0" encoding="UTF-8"?>
<!-- Generated by org.testng.reporters.JUnitXMLReporter -->
<testsuite ignored="0" hostname="DESKTOP-AI0QSET" failures="0" tests="3" name="Test_Firefox" time="98.751" errors="0" timestamp="2025-01-08T14:43:37 IST">
  <testcase classname="com.omnibridge.crm.contacttest.CreateContactTest" name="createContact" time="12.566"/>
  <testcase classname="com.omnibridge.crm.contacttest.CreateContactTest" name="createContactWithOrgTest" time="26.461"/>
  <testcase classname="com.omnibridge.crm.contacttest.CreateContactTest" name="createContactWithsupportDate" time="15.371"/>
</testsuite> <!-- Test_Firefox -->
