<?xml version="1.0" encoding="UTF-8"?>
<!-- Generated by org.testng.reporters.JUnitXMLReporter -->
<testsuite ignored="10" hostname="DESKTOP-AI0QSET" failures="0" tests="7" name="Test" time="203.853" errors="0" timestamp="2025-01-08T13:25:29 IST">
  <testcase classname="com.omnibridge.crm.contacttest.CreateContactTest" name="createContactWithOrgTest" time="26.589"/>
  <testcase classname="com.omnibridge.crm.contacttest.CreateContactTest" name="createContactWithsupportDate" time="15.23"/>
  <testcase classname="com.omnibridge.crm.leadtest.CreateLeadTest" name="createLeadAndDelete" time="13.612"/>
  <testcase classname="com.omnibridge.crm.leadtest.CreateLeadTest" name="createLeadAndEdit" time="19.585"/>
  <testcase classname="com.omnibridge.crm.compaigntest.CreateCampaignTest" name="campaignTestWithProduct" time="37.56"/>
  <testcase classname="com.omnibridge.crm.compaigntest.CreateCampaignTest" name="createProductWithVendorTest" time="24.093"/>
  <testcase classname="com.omnibridge.crm.orgtest.CreateOrgTest" name="createContactWithPhoneNumber" time="13.612"/>
  <testcase classname="com.omniBridge.crm.basetest.BaseClass" name="@AfterSuite configAS" time="0.0">
    <ignored/>
  </testcase> <!-- @AfterSuite configAS -->
  <testcase classname="com.omnibridge.crm.leadtest.CreateLeadTest" name="createNewLead" time="0.0">
    <ignored/>
  </testcase> <!-- createNewLead -->
  <testcase classname="com.omnibridge.crm.orgtest.CreateOrgTest" name="createOrgTest" time="0.0">
    <ignored/>
  </testcase> <!-- createOrgTest -->
  <testcase classname="com.omniBridge.crm.basetest.BaseClass" name="@BeforeSuite configBS" time="0.0">
    <ignored/>
  </testcase> <!-- @BeforeSuite configBS -->
  <testcase classname="com.omniBridge.crm.basetest.BaseClass" name="@AfterSuite configAS" time="0.0">
    <ignored/>
  </testcase> <!-- @AfterSuite configAS -->
  <testcase classname="com.omniBridge.crm.basetest.BaseClass" name="@BeforeSuite configBS" time="0.0">
    <ignored/>
  </testcase> <!-- @BeforeSuite configBS -->
  <testcase classname="com.omniBridge.crm.basetest.BaseClass" name="@AfterSuite configAS" time="0.0">
    <ignored/>
  </testcase> <!-- @AfterSuite configAS -->
  <testcase classname="com.omnibridge.crm.compaigntest.CreateCampaignTest" name="createVendorTest" time="0.0">
    <ignored/>
  </testcase> <!-- createVendorTest -->
  <testcase classname="com.omniBridge.crm.basetest.BaseClass" name="@BeforeSuite configBS" time="0.0">
    <ignored/>
  </testcase> <!-- @BeforeSuite configBS -->
  <testcase classname="com.omnibridge.crm.contacttest.CreateContactTest" name="createContact" time="0.0">
    <ignored/>
  </testcase> <!-- createContact -->
</testsuite> <!-- Test -->
