<?xml version="1.0" encoding="UTF-8"?>
<testsuite xmlns:xsi="http://www.w3.org/2001/XMLSchema-instance" xsi:noNamespaceSchemaLocation="https://maven.apache.org/surefire/maven-surefire-plugin/xsd/surefire-test-report-3.0.xsd" version="3.0" name="TestSuite" time="439.986" tests="12" errors="0" skipped="0" failures="0">
  <properties>
[...]
</properties>
  <testcase name="createContact" classname="com.omnibridge.crm.contacttest.CreateContactTest" time="17.516">
    <system-out><![CDATA[Report configuration
=== Connect to DB, Report Config ===
Launch the browser
==Login==
======createContact=========Start===========
execute createContact & verify 
this is verified
======createContact===========END=========
]]></system-out>
    <system-err><![CDATA[SLF4J: Failed to load class "org.slf4j.impl.StaticLoggerBinder".
SLF4J: Defaulting to no-operation (NOP) logger implementation
SLF4J: See http://www.slf4j.org/codes.html#StaticLoggerBinder for further details.
Loading class `com.mysql.jdbc.Driver'. This is deprecated. The new driver class is `com.mysql.cj.jdbc.Driver'. The driver is automatically registered via the SPI and manual loading of the driver class is generally unnecessary.
Jan 09, 2025 11:38:23 AM io.opentelemetry.api.GlobalOpenTelemetry maybeAutoConfigureAndSetGlobal
INFO: AutoConfiguredOpenTelemetrySdk found on classpath but automatic configuration is disabled. To enable, run your JVM with -Dotel.java.global-autoconfigure.enabled=true
]]></system-err>
  </testcase>
  <testcase name="createContactWithOrgTest" classname="com.omnibridge.crm.contacttest.CreateContactTest" time="33.686">
    <system-out><![CDATA[=== Logout ===
==Login==
======createContactWithOrgTest=========Start===========
execute createContactWithDate and verify
TrendyTexturesAttire_4276header verified===Pass
http://localhost:8888/index.php?module=Accounts&action=Popup&popuptype=specific_contact_account_address&form=TasksEditView&form_submit=false&fromlink=&recordid=
TrendyTexturesAttire_4276
TrendyTexturesAttire_4276is verified == PASS
======createContactWithOrgTest===========END=========
]]></system-out>
  </testcase>
  <testcase name="createContactWithsupportDate" classname="com.omnibridge.crm.contacttest.CreateContactTest" time="19.418">
    <system-out><![CDATA[=== Logout ===
==Login==
======createContactWithsupportDate=========Start===========
execute createContactWithDate and verify
2025-01-09
2025-01-09 information is verified == PASS
2025-02-08
2025-02-08 information is  verified == PASS
======createContactWithsupportDate===========END=========
]]></system-out>
  </testcase>
  <testcase name="createLeadAndDelete" classname="com.omnibridge.crm.leadtest.CreateLeadTest" time="19.727">
    <system-out><![CDATA[=== Logout ===
close the Browser
Launch the browser
==Login==
======createLeadAndDelete=========Start===========
=================CreateLeadAndEdit==================
======createLeadAndDelete===========END=========
]]></system-out>
  </testcase>
  <testcase name="createLeadAndEdit" classname="com.omnibridge.crm.leadtest.CreateLeadTest" time="22.903">
    <system-out><![CDATA[=== Logout ===
==Login==
======createLeadAndEdit=========Start===========
=================CreateLeadAndEdit==================
======createLeadAndEdit===========END=========
]]></system-out>
  </testcase>
  <testcase name="createNewLead" classname="com.omnibridge.crm.leadtest.CreateLeadTest" time="16.204">
    <system-out><![CDATA[=== Logout ===
==Login==
======createNewLead=========Start===========
==============================Create new Lead=========================
======createNewLead===========END=========
]]></system-out>
  </testcase>
  <testcase name="createNewOpportunitiesTest" classname="com.omnibridge.crm.opportunitiestest.CreateNewOpportunities" time="73.087">
    <system-out><![CDATA[=== Logout ===
close the Browser
Launch the browser
==Login==
======createNewOpportunitiesTest=========Start===========
=============Create Organization========================
NeutralCraft_1955name is verified ==Pass
============Create New vendor====================================
this is verified
============================================================================================================
============Create New Product======= 
http://localhost:8888/index.php?module=Vendors&action=Popup&html=Popup_picker&popuptype=specific&form=EditView&fromlink=
=========================================================================================================================================================
========Create CampaignTest===============
http://localhost:8888/index.php?module=Products&action=Popup&html=Popup_picker&form=HelpDeskEditView&popuptype=specific&fromlink=
========================create Opportunity=============================
======createNewOpportunitiesTest===========END=========
]]></system-out>
  </testcase>
  <testcase name="campaignTestWithProduct" classname="com.omnibridge.crm.compaigntest.CreateCampaignTest" time="43.898">
    <system-out><![CDATA[=== Logout ===
close the Browser
Launch the browser
==Login==
======campaignTestWithProduct=========Start===========
============Create New vendor======= 
this is verified
============================================================================================================
============Create New Product======= 
http://localhost:8888/index.php?module=Vendors&action=Popup&html=Popup_picker&popuptype=specific&form=EditView&fromlink=
================================
========Create CampaignTest===============
http://localhost:8888/index.php?module=Products&action=Popup&html=Popup_picker&form=HelpDeskEditView&popuptype=specific&fromlink=
======campaignTestWithProduct===========END=========
]]></system-out>
  </testcase>
  <testcase name="createProductWithVendorTest" classname="com.omnibridge.crm.compaigntest.CreateCampaignTest" time="27.93">
    <system-out><![CDATA[=== Logout ===
==Login==
======createProductWithVendorTest=========Start===========
============Create New vendor======= 
this is verified
============================================================================================================
============Create New Product======= 
http://localhost:8888/index.php?module=Vendors&action=Popup&html=Popup_picker&popuptype=specific&form=EditView&fromlink=
Hp_4742is verified == PASS
======createProductWithVendorTest===========END=========
]]></system-out>
  </testcase>
  <testcase name="createVendorTest" classname="com.omnibridge.crm.compaigntest.CreateCampaignTest" time="16.214">
    <system-out><![CDATA[=== Logout ===
==Login==
======createVendorTest=========Start===========
============Create New vendor======= 
this is verified
======createVendorTest===========END=========
]]></system-out>
  </testcase>
  <testcase name="createContactWithPhoneNumber" classname="com.omnibridge.crm.orgtest.CreateOrgTest" time="18.706">
    <system-out><![CDATA[=== Logout ===
close the Browser
Launch the browser
==Login==
======createContactWithPhoneNumber=========Start===========
execute createOrgWithIndustries & verify
7007785695is created == PASS
======createContactWithPhoneNumber===========END=========
]]></system-out>
  </testcase>
  <testcase name="createOrgTest" classname="com.omnibridge.crm.orgtest.CreateOrgTest" time="17.679">
    <system-out><![CDATA[=== Logout ===
==Login==
======createOrgTest=========Start===========
execute createOrgTest & verify
NeutralCraft_4411name is verified ==Pass
======createOrgTest===========END=========
]]></system-out>
  </testcase>
</testsuite>