<?xml version="1.0" encoding="UTF-8"?>
<testng-results ignored="0" total="12" passed="12" failed="0" skipped="0">
  <reporter-output>
  </reporter-output>
  <suite started-at="2025-01-09T11:38:24 IST" name="Master Suite" finished-at="2025-01-09T11:45:41 IST" duration-ms="437365">
    <groups>
      <group name="regressionTest">
        <method signature="CreateCampaignTest.campaignTestWithProduct()[pri:0, instance:com.omnibridge.crm.compaigntest.CreateCampaignTest@36bc55de]" name="campaignTestWithProduct" class="com.omnibridge.crm.compaigntest.CreateCampaignTest"/>
        <method signature="CreateCampaignTest.createProductWithVendorTest()[pri:0, instance:com.omnibridge.crm.compaigntest.CreateCampaignTest@36bc55de]" name="createProductWithVendorTest" class="com.omnibridge.crm.compaigntest.CreateCampaignTest"/>
        <method signature="CreateContactTest.createContactWithOrgTest()[pri:0, instance:com.omnibridge.crm.contacttest.CreateContactTest@399f45b1]" name="createContactWithOrgTest" class="com.omnibridge.crm.contacttest.CreateContactTest"/>
        <method signature="CreateContactTest.createContactWithsupportDate()[pri:0, instance:com.omnibridge.crm.contacttest.CreateContactTest@399f45b1]" name="createContactWithsupportDate" class="com.omnibridge.crm.contacttest.CreateContactTest"/>
        <method signature="CreateLeadTest.createLeadAndDelete()[pri:0, instance:com.omnibridge.crm.leadtest.CreateLeadTest@7e07db1f]" name="createLeadAndDelete" class="com.omnibridge.crm.leadtest.CreateLeadTest"/>
        <method signature="CreateLeadTest.createLeadAndEdit()[pri:0, instance:com.omnibridge.crm.leadtest.CreateLeadTest@7e07db1f]" name="createLeadAndEdit" class="com.omnibridge.crm.leadtest.CreateLeadTest"/>
        <method signature="CreateNewOpportunities.createNewOpportunitiesTest()[pri:0, instance:com.omnibridge.crm.opportunitiestest.CreateNewOpportunities@1189dd52]" name="createNewOpportunitiesTest" class="com.omnibridge.crm.opportunitiestest.CreateNewOpportunities"/>
        <method signature="CreateOrgTest.createContactWithPhoneNumber()[pri:0, instance:com.omnibridge.crm.orgtest.CreateOrgTest@564fabc8]" name="createContactWithPhoneNumber" class="com.omnibridge.crm.orgtest.CreateOrgTest"/>
      </group> <!-- regressionTest -->
      <group name="smokeTest">
        <method signature="CreateCampaignTest.createVendorTest()[pri:0, instance:com.omnibridge.crm.compaigntest.CreateCampaignTest@36bc55de]" name="createVendorTest" class="com.omnibridge.crm.compaigntest.CreateCampaignTest"/>
        <method signature="CreateContactTest.createContact()[pri:0, instance:com.omnibridge.crm.contacttest.CreateContactTest@399f45b1]" name="createContact" class="com.omnibridge.crm.contacttest.CreateContactTest"/>
        <method signature="CreateLeadTest.createNewLead()[pri:0, instance:com.omnibridge.crm.leadtest.CreateLeadTest@7e07db1f]" name="createNewLead" class="com.omnibridge.crm.leadtest.CreateLeadTest"/>
        <method signature="CreateOrgTest.createOrgTest()[pri:0, instance:com.omnibridge.crm.orgtest.CreateOrgTest@564fabc8]" name="createOrgTest" class="com.omnibridge.crm.orgtest.CreateOrgTest"/>
      </group> <!-- smokeTest -->
    </groups>
    <test started-at="2025-01-09T11:38:24 IST" name="Test" finished-at="2025-01-09T11:45:41 IST" duration-ms="437365">
      <class name="com.omnibridge.crm.compaigntest.CreateCampaignTest">
        <test-method is-config="true" signature="configBC()[pri:0, instance:com.omnibridge.crm.compaigntest.CreateCampaignTest@36bc55de]" started-at="2025-01-09T11:42:53 IST" name="configBC" finished-at="2025-01-09T11:42:54 IST" duration-ms="1455" status="PASS">
          <reporter-output>
          </reporter-output>
        </test-method> <!-- configBC -->
        <test-method is-config="true" signature="configBM()[pri:0, instance:com.omnibridge.crm.compaigntest.CreateCampaignTest@36bc55de]" started-at="2025-01-09T11:42:54 IST" name="configBM" finished-at="2025-01-09T11:43:01 IST" duration-ms="6624" status="PASS">
          <reporter-output>
          </reporter-output>
        </test-method> <!-- configBM -->
        <test-method signature="campaignTestWithProduct()[pri:0, instance:com.omnibridge.crm.compaigntest.CreateCampaignTest@36bc55de]" started-at="2025-01-09T11:43:01 IST" name="campaignTestWithProduct" finished-at="2025-01-09T11:43:45 IST" duration-ms="43896" status="PASS">
          <reporter-output>
          </reporter-output>
        </test-method> <!-- campaignTestWithProduct -->
        <test-method is-config="true" signature="configAM()[pri:0, instance:com.omnibridge.crm.compaigntest.CreateCampaignTest@36bc55de]" started-at="2025-01-09T11:43:45 IST" name="configAM" finished-at="2025-01-09T11:43:47 IST" duration-ms="2181" status="PASS">
          <reporter-output>
          </reporter-output>
        </test-method> <!-- configAM -->
        <test-method is-config="true" signature="configBM()[pri:0, instance:com.omnibridge.crm.compaigntest.CreateCampaignTest@36bc55de]" started-at="2025-01-09T11:43:47 IST" name="configBM" finished-at="2025-01-09T11:43:51 IST" duration-ms="4148" status="PASS">
          <reporter-output>
          </reporter-output>
        </test-method> <!-- configBM -->
        <test-method signature="createProductWithVendorTest()[pri:0, instance:com.omnibridge.crm.compaigntest.CreateCampaignTest@36bc55de]" started-at="2025-01-09T11:43:51 IST" name="createProductWithVendorTest" finished-at="2025-01-09T11:44:19 IST" duration-ms="27929" status="PASS">
          <reporter-output>
          </reporter-output>
        </test-method> <!-- createProductWithVendorTest -->
        <test-method is-config="true" signature="configAM()[pri:0, instance:com.omnibridge.crm.compaigntest.CreateCampaignTest@36bc55de]" started-at="2025-01-09T11:44:19 IST" name="configAM" finished-at="2025-01-09T11:44:21 IST" duration-ms="2310" status="PASS">
          <reporter-output>
          </reporter-output>
        </test-method> <!-- configAM -->
        <test-method is-config="true" signature="configBM()[pri:0, instance:com.omnibridge.crm.compaigntest.CreateCampaignTest@36bc55de]" started-at="2025-01-09T11:44:21 IST" name="configBM" finished-at="2025-01-09T11:44:26 IST" duration-ms="4982" status="PASS">
          <reporter-output>
          </reporter-output>
        </test-method> <!-- configBM -->
        <test-method signature="createVendorTest()[pri:0, instance:com.omnibridge.crm.compaigntest.CreateCampaignTest@36bc55de]" started-at="2025-01-09T11:44:26 IST" name="createVendorTest" finished-at="2025-01-09T11:44:42 IST" duration-ms="16210" status="PASS">
          <reporter-output>
          </reporter-output>
        </test-method> <!-- createVendorTest -->
        <test-method is-config="true" signature="configAM()[pri:0, instance:com.omnibridge.crm.compaigntest.CreateCampaignTest@36bc55de]" started-at="2025-01-09T11:44:42 IST" name="configAM" finished-at="2025-01-09T11:44:45 IST" duration-ms="2460" status="PASS">
          <reporter-output>
          </reporter-output>
        </test-method> <!-- configAM -->
        <test-method is-config="true" signature="configAC()[pri:0, instance:com.omnibridge.crm.compaigntest.CreateCampaignTest@36bc55de]" started-at="2025-01-09T11:44:45 IST" name="configAC" finished-at="2025-01-09T11:44:45 IST" duration-ms="363" status="PASS">
          <reporter-output>
          </reporter-output>
        </test-method> <!-- configAC -->
      </class> <!-- com.omnibridge.crm.compaigntest.CreateCampaignTest -->
      <class name="com.omnibridge.crm.contacttest.CreateContactTest">
        <test-method is-config="true" signature="configBS()[pri:0, instance:com.omnibridge.crm.contacttest.CreateContactTest@399f45b1]" started-at="2025-01-09T11:38:23 IST" name="configBS" finished-at="2025-01-09T11:38:24 IST" duration-ms="477" status="PASS">
          <reporter-output>
          </reporter-output>
        </test-method> <!-- configBS -->
        <test-method is-config="true" signature="configBC()[pri:0, instance:com.omnibridge.crm.contacttest.CreateContactTest@399f45b1]" started-at="2025-01-09T11:38:24 IST" name="configBC" finished-at="2025-01-09T11:38:26 IST" duration-ms="2058" status="PASS">
          <reporter-output>
          </reporter-output>
        </test-method> <!-- configBC -->
        <test-method is-config="true" signature="configBM()[pri:0, instance:com.omnibridge.crm.contacttest.CreateContactTest@399f45b1]" started-at="2025-01-09T11:38:26 IST" name="configBM" finished-at="2025-01-09T11:38:31 IST" duration-ms="5185" status="PASS">
          <reporter-output>
          </reporter-output>
        </test-method> <!-- configBM -->
        <test-method signature="createContact()[pri:0, instance:com.omnibridge.crm.contacttest.CreateContactTest@399f45b1]" started-at="2025-01-09T11:38:31 IST" name="createContact" finished-at="2025-01-09T11:38:48 IST" duration-ms="17511" status="PASS">
          <reporter-output>
          </reporter-output>
        </test-method> <!-- createContact -->
        <test-method is-config="true" signature="configAM()[pri:0, instance:com.omnibridge.crm.contacttest.CreateContactTest@399f45b1]" started-at="2025-01-09T11:38:48 IST" name="configAM" finished-at="2025-01-09T11:38:51 IST" duration-ms="2777" status="PASS">
          <reporter-output>
          </reporter-output>
        </test-method> <!-- configAM -->
        <test-method is-config="true" signature="configBM()[pri:0, instance:com.omnibridge.crm.contacttest.CreateContactTest@399f45b1]" started-at="2025-01-09T11:38:51 IST" name="configBM" finished-at="2025-01-09T11:38:57 IST" duration-ms="5616" status="PASS">
          <reporter-output>
          </reporter-output>
        </test-method> <!-- configBM -->
        <test-method signature="createContactWithOrgTest()[pri:0, instance:com.omnibridge.crm.contacttest.CreateContactTest@399f45b1]" started-at="2025-01-09T11:38:57 IST" name="createContactWithOrgTest" finished-at="2025-01-09T11:39:31 IST" duration-ms="33685" status="PASS">
          <reporter-output>
          </reporter-output>
        </test-method> <!-- createContactWithOrgTest -->
        <test-method is-config="true" signature="configAM()[pri:0, instance:com.omnibridge.crm.contacttest.CreateContactTest@399f45b1]" started-at="2025-01-09T11:39:31 IST" name="configAM" finished-at="2025-01-09T11:39:33 IST" duration-ms="2239" status="PASS">
          <reporter-output>
          </reporter-output>
        </test-method> <!-- configAM -->
        <test-method is-config="true" signature="configBM()[pri:0, instance:com.omnibridge.crm.contacttest.CreateContactTest@399f45b1]" started-at="2025-01-09T11:39:33 IST" name="configBM" finished-at="2025-01-09T11:39:38 IST" duration-ms="5284" status="PASS">
          <reporter-output>
          </reporter-output>
        </test-method> <!-- configBM -->
        <test-method signature="createContactWithsupportDate()[pri:0, instance:com.omnibridge.crm.contacttest.CreateContactTest@399f45b1]" started-at="2025-01-09T11:39:38 IST" name="createContactWithsupportDate" finished-at="2025-01-09T11:39:58 IST" duration-ms="19415" status="PASS">
          <reporter-output>
          </reporter-output>
        </test-method> <!-- createContactWithsupportDate -->
        <test-method is-config="true" signature="configAM()[pri:0, instance:com.omnibridge.crm.contacttest.CreateContactTest@399f45b1]" started-at="2025-01-09T11:39:58 IST" name="configAM" finished-at="2025-01-09T11:40:00 IST" duration-ms="2742" status="PASS">
          <reporter-output>
          </reporter-output>
        </test-method> <!-- configAM -->
        <test-method is-config="true" signature="configAC()[pri:0, instance:com.omnibridge.crm.contacttest.CreateContactTest@399f45b1]" started-at="2025-01-09T11:40:00 IST" name="configAC" finished-at="2025-01-09T11:40:01 IST" duration-ms="465" status="PASS">
          <reporter-output>
          </reporter-output>
        </test-method> <!-- configAC -->
        <test-method is-config="true" signature="configAS()[pri:0, instance:com.omnibridge.crm.contacttest.CreateContactTest@399f45b1]" started-at="2025-01-09T11:45:41 IST" name="configAS" finished-at="2025-01-09T11:45:41 IST" duration-ms="9" status="PASS">
          <reporter-output>
          </reporter-output>
        </test-method> <!-- configAS -->
      </class> <!-- com.omnibridge.crm.contacttest.CreateContactTest -->
      <class name="com.omnibridge.crm.opportunitiestest.CreateNewOpportunities">
        <test-method is-config="true" signature="configBC()[pri:0, instance:com.omnibridge.crm.opportunitiestest.CreateNewOpportunities@1189dd52]" started-at="2025-01-09T11:41:30 IST" name="configBC" finished-at="2025-01-09T11:41:31 IST" duration-ms="1679" status="PASS">
          <reporter-output>
          </reporter-output>
        </test-method> <!-- configBC -->
        <test-method is-config="true" signature="configBM()[pri:0, instance:com.omnibridge.crm.opportunitiestest.CreateNewOpportunities@1189dd52]" started-at="2025-01-09T11:41:31 IST" name="configBM" finished-at="2025-01-09T11:41:37 IST" duration-ms="6078" status="PASS">
          <reporter-output>
          </reporter-output>
        </test-method> <!-- configBM -->
        <test-method signature="createNewOpportunitiesTest()[pri:0, instance:com.omnibridge.crm.opportunitiestest.CreateNewOpportunities@1189dd52]" started-at="2025-01-09T11:41:37 IST" name="createNewOpportunitiesTest" finished-at="2025-01-09T11:42:50 IST" duration-ms="73085" status="PASS">
          <reporter-output>
          </reporter-output>
        </test-method> <!-- createNewOpportunitiesTest -->
        <test-method is-config="true" signature="configAM()[pri:0, instance:com.omnibridge.crm.opportunitiestest.CreateNewOpportunities@1189dd52]" started-at="2025-01-09T11:42:50 IST" name="configAM" finished-at="2025-01-09T11:42:52 IST" duration-ms="1898" status="PASS">
          <reporter-output>
          </reporter-output>
        </test-method> <!-- configAM -->
        <test-method is-config="true" signature="configAC()[pri:0, instance:com.omnibridge.crm.opportunitiestest.CreateNewOpportunities@1189dd52]" started-at="2025-01-09T11:42:52 IST" name="configAC" finished-at="2025-01-09T11:42:53 IST" duration-ms="294" status="PASS">
          <reporter-output>
          </reporter-output>
        </test-method> <!-- configAC -->
      </class> <!-- com.omnibridge.crm.opportunitiestest.CreateNewOpportunities -->
      <class name="com.omnibridge.crm.leadtest.CreateLeadTest">
        <test-method is-config="true" signature="configBC()[pri:0, instance:com.omnibridge.crm.leadtest.CreateLeadTest@7e07db1f]" started-at="2025-01-09T11:40:01 IST" name="configBC" finished-at="2025-01-09T11:40:02 IST" duration-ms="1589" status="PASS">
          <reporter-output>
          </reporter-output>
        </test-method> <!-- configBC -->
        <test-method is-config="true" signature="configBM()[pri:0, instance:com.omnibridge.crm.leadtest.CreateLeadTest@7e07db1f]" started-at="2025-01-09T11:40:02 IST" name="configBM" finished-at="2025-01-09T11:40:10 IST" duration-ms="7205" status="PASS">
          <reporter-output>
          </reporter-output>
        </test-method> <!-- configBM -->
        <test-method signature="createLeadAndDelete()[pri:0, instance:com.omnibridge.crm.leadtest.CreateLeadTest@7e07db1f]" started-at="2025-01-09T11:40:10 IST" name="createLeadAndDelete" finished-at="2025-01-09T11:40:29 IST" duration-ms="19726" status="PASS">
          <reporter-output>
          </reporter-output>
        </test-method> <!-- createLeadAndDelete -->
        <test-method is-config="true" signature="configAM()[pri:0, instance:com.omnibridge.crm.leadtest.CreateLeadTest@7e07db1f]" started-at="2025-01-09T11:40:29 IST" name="configAM" finished-at="2025-01-09T11:40:36 IST" duration-ms="7127" status="PASS">
          <reporter-output>
          </reporter-output>
        </test-method> <!-- configAM -->
        <test-method is-config="true" signature="configBM()[pri:0, instance:com.omnibridge.crm.leadtest.CreateLeadTest@7e07db1f]" started-at="2025-01-09T11:40:36 IST" name="configBM" finished-at="2025-01-09T11:40:41 IST" duration-ms="5071" status="PASS">
          <reporter-output>
          </reporter-output>
        </test-method> <!-- configBM -->
        <test-method signature="createLeadAndEdit()[pri:0, instance:com.omnibridge.crm.leadtest.CreateLeadTest@7e07db1f]" started-at="2025-01-09T11:40:41 IST" name="createLeadAndEdit" finished-at="2025-01-09T11:41:04 IST" duration-ms="22900" status="PASS">
          <reporter-output>
          </reporter-output>
        </test-method> <!-- createLeadAndEdit -->
        <test-method is-config="true" signature="configAM()[pri:0, instance:com.omnibridge.crm.leadtest.CreateLeadTest@7e07db1f]" started-at="2025-01-09T11:41:04 IST" name="configAM" finished-at="2025-01-09T11:41:06 IST" duration-ms="2135" status="PASS">
          <reporter-output>
          </reporter-output>
        </test-method> <!-- configAM -->
        <test-method is-config="true" signature="configBM()[pri:0, instance:com.omnibridge.crm.leadtest.CreateLeadTest@7e07db1f]" started-at="2025-01-09T11:41:06 IST" name="configBM" finished-at="2025-01-09T11:41:11 IST" duration-ms="4411" status="PASS">
          <reporter-output>
          </reporter-output>
        </test-method> <!-- configBM -->
        <test-method signature="createNewLead()[pri:0, instance:com.omnibridge.crm.leadtest.CreateLeadTest@7e07db1f]" started-at="2025-01-09T11:41:11 IST" name="createNewLead" finished-at="2025-01-09T11:41:27 IST" duration-ms="16203" status="PASS">
          <reporter-output>
          </reporter-output>
        </test-method> <!-- createNewLead -->
        <test-method is-config="true" signature="configAM()[pri:0, instance:com.omnibridge.crm.leadtest.CreateLeadTest@7e07db1f]" started-at="2025-01-09T11:41:27 IST" name="configAM" finished-at="2025-01-09T11:41:29 IST" duration-ms="2117" status="PASS">
          <reporter-output>
          </reporter-output>
        </test-method> <!-- configAM -->
        <test-method is-config="true" signature="configAC()[pri:0, instance:com.omnibridge.crm.leadtest.CreateLeadTest@7e07db1f]" started-at="2025-01-09T11:41:29 IST" name="configAC" finished-at="2025-01-09T11:41:30 IST" duration-ms="393" status="PASS">
          <reporter-output>
          </reporter-output>
        </test-method> <!-- configAC -->
      </class> <!-- com.omnibridge.crm.leadtest.CreateLeadTest -->
      <class name="com.omnibridge.crm.orgtest.CreateOrgTest">
        <test-method is-config="true" signature="configBC()[pri:0, instance:com.omnibridge.crm.orgtest.CreateOrgTest@564fabc8]" started-at="2025-01-09T11:44:45 IST" name="configBC" finished-at="2025-01-09T11:44:47 IST" duration-ms="1793" status="PASS">
          <reporter-output>
          </reporter-output>
        </test-method> <!-- configBC -->
        <test-method is-config="true" signature="configBM()[pri:0, instance:com.omnibridge.crm.orgtest.CreateOrgTest@564fabc8]" started-at="2025-01-09T11:44:47 IST" name="configBM" finished-at="2025-01-09T11:44:54 IST" duration-ms="7331" status="PASS">
          <reporter-output>
          </reporter-output>
        </test-method> <!-- configBM -->
        <test-method signature="createContactWithPhoneNumber()[pri:0, instance:com.omnibridge.crm.orgtest.CreateOrgTest@564fabc8]" started-at="2025-01-09T11:44:54 IST" name="createContactWithPhoneNumber" finished-at="2025-01-09T11:45:13 IST" duration-ms="18706" status="PASS">
          <reporter-output>
          </reporter-output>
        </test-method> <!-- createContactWithPhoneNumber -->
        <test-method is-config="true" signature="configAM()[pri:0, instance:com.omnibridge.crm.orgtest.CreateOrgTest@564fabc8]" started-at="2025-01-09T11:45:13 IST" name="configAM" finished-at="2025-01-09T11:45:15 IST" duration-ms="2355" status="PASS">
          <reporter-output>
          </reporter-output>
        </test-method> <!-- configAM -->
        <test-method is-config="true" signature="configBM()[pri:0, instance:com.omnibridge.crm.orgtest.CreateOrgTest@564fabc8]" started-at="2025-01-09T11:45:15 IST" name="configBM" finished-at="2025-01-09T11:45:21 IST" duration-ms="5111" status="PASS">
          <reporter-output>
          </reporter-output>
        </test-method> <!-- configBM -->
        <test-method signature="createOrgTest()[pri:0, instance:com.omnibridge.crm.orgtest.CreateOrgTest@564fabc8]" started-at="2025-01-09T11:45:21 IST" name="createOrgTest" finished-at="2025-01-09T11:45:38 IST" duration-ms="17678" status="PASS">
          <reporter-output>
          </reporter-output>
        </test-method> <!-- createOrgTest -->
        <test-method is-config="true" signature="configAM()[pri:0, instance:com.omnibridge.crm.orgtest.CreateOrgTest@564fabc8]" started-at="2025-01-09T11:45:38 IST" name="configAM" finished-at="2025-01-09T11:45:41 IST" duration-ms="2467" status="PASS">
          <reporter-output>
          </reporter-output>
        </test-method> <!-- configAM -->
        <test-method is-config="true" signature="configAC()[pri:0, instance:com.omnibridge.crm.orgtest.CreateOrgTest@564fabc8]" started-at="2025-01-09T11:45:41 IST" name="configAC" finished-at="2025-01-09T11:45:41 IST" duration-ms="351" status="PASS">
          <reporter-output>
          </reporter-output>
        </test-method> <!-- configAC -->
      </class> <!-- com.omnibridge.crm.orgtest.CreateOrgTest -->
    </test> <!-- Test -->
  </suite> <!-- Master Suite -->
</testng-results>
