<?xml version="1.0" encoding="UTF-8"?>
<testng-results ignored="0" total="1" passed="1" failed="0" skipped="0">
  <reporter-output>
  </reporter-output>
  <suite started-at="2025-01-09T00:29:55 IST" name="Default suite" finished-at="2025-01-09T00:31:06 IST" duration-ms="70951">
    <groups>
    </groups>
    <test started-at="2025-01-09T00:29:55 IST" name="Default test" finished-at="2025-01-09T00:31:06 IST" duration-ms="70951">
      <class name="com.omnibridge.crm.opportunitiestest.CreateNewOpportunities">
        <test-method is-config="true" signature="configBS()[pri:0, instance:com.omnibridge.crm.opportunitiestest.CreateNewOpportunities@7fd50002]" started-at="2025-01-09T00:29:55 IST" name="configBS" finished-at="2025-01-09T00:29:55 IST" duration-ms="253" status="PASS">
          <reporter-output>
          </reporter-output>
        </test-method> <!-- configBS -->
        <test-method is-config="true" signature="configBC()[pri:0, instance:com.omnibridge.crm.opportunitiestest.CreateNewOpportunities@7fd50002]" started-at="2025-01-09T00:29:55 IST" name="configBC" finished-at="2025-01-09T00:29:56 IST" duration-ms="1349" status="PASS">
          <reporter-output>
          </reporter-output>
        </test-method> <!-- configBC -->
        <test-method is-config="true" signature="configBM()[pri:0, instance:com.omnibridge.crm.opportunitiestest.CreateNewOpportunities@7fd50002]" started-at="2025-01-09T00:29:56 IST" name="configBM" finished-at="2025-01-09T00:30:01 IST" duration-ms="4447" status="PASS">
          <reporter-output>
          </reporter-output>
        </test-method> <!-- configBM -->
        <test-method signature="createNewOpportunitiesTest()[pri:0, instance:com.omnibridge.crm.opportunitiestest.CreateNewOpportunities@7fd50002]" started-at="2025-01-09T00:30:01 IST" name="createNewOpportunitiesTest" finished-at="2025-01-09T00:31:03 IST" duration-ms="62824" status="PASS">
          <reporter-output>
          </reporter-output>
        </test-method> <!-- createNewOpportunitiesTest -->
        <test-method is-config="true" signature="configAM()[pri:0, instance:com.omnibridge.crm.opportunitiestest.CreateNewOpportunities@7fd50002]" started-at="2025-01-09T00:31:03 IST" name="configAM" finished-at="2025-01-09T00:31:06 IST" duration-ms="2094" status="PASS">
          <reporter-output>
          </reporter-output>
        </test-method> <!-- configAM -->
        <test-method is-config="true" signature="configAC()[pri:0, instance:com.omnibridge.crm.opportunitiestest.CreateNewOpportunities@7fd50002]" started-at="2025-01-09T00:31:06 IST" name="configAC" finished-at="2025-01-09T00:31:06 IST" duration-ms="223" status="PASS">
          <reporter-output>
          </reporter-output>
        </test-method> <!-- configAC -->
        <test-method is-config="true" signature="configAS()[pri:0, instance:com.omnibridge.crm.opportunitiestest.CreateNewOpportunities@7fd50002]" started-at="2025-01-09T00:31:06 IST" name="configAS" finished-at="2025-01-09T00:31:06 IST" duration-ms="16" status="PASS">
          <reporter-output>
          </reporter-output>
        </test-method> <!-- configAS -->
      </class> <!-- com.omnibridge.crm.opportunitiestest.CreateNewOpportunities -->
    </test> <!-- Default test -->
  </suite> <!-- Default suite -->
</testng-results>
